<?xml version="1.0" encoding="UTF-8"?>
<!-- Generated by org.testng.reporters.JUnitReportReporter -->
<testsuite skipped="0" hostname="Nur" name="com.qa.goibibo.tests.FlightReviewPageTest" tests="1" failures="0" timestamp="07 Sep 2020 04:42:26 GMT" time="32.938" errors="0">
  <testcase name="fillPassengerDetailsTest" time="32.938" classname="com.qa.goibibo.tests.FlightReviewPageTest"/>
</testsuite> <!-- com.qa.goibibo.tests.FlightReviewPageTest -->
